<?xml version="1.0" encoding="UTF-8"?>
<!-- Generated by org.testng.reporters.JUnitReportReporter -->
<testsuite hostname="LWO1-DHP-F09815" name="SimpleTest.SimpleTest.AppTest" tests="2" failures="0" timestamp="22 May 2015 10:40:44 GMT" time="0.073" errors="0">
  <testcase name="aFastTest" time="0.071" classname="SimpleTest.SimpleTest.AppTest"/>
  <testcase name="aSlowTest" time="0.002" classname="SimpleTest.SimpleTest.AppTest"/>
</testsuite> <!-- SimpleTest.SimpleTest.AppTest -->
